Hello from 0.
Hello from 1.
Hello from 2.
Hello from 3.
Hello from 4.
Hello from 5.
Hello from 6.
Hello from 7.
============================================================================
                               JOB STATISTICS                              
============================================================================
      SubmitTime: 2018-08-31T17:04:48
         EndTime: 2018-08-31T17:14:49
         RunTime: 00:00:00
           JobId: 1306885
            TRES: cpu=8,mem=64016M,node=1
       Partition: high-mem
        NodeList: smp-n0
         Command: /ihome/isenocak/tim48/hello/job.slurm
          StdOut: /ihome/isenocak/tim48/hello/slurm-1306885.out
More information:
    - `sacct -M smp -j 1306885 -S 2018-08-31T17:04:48 -E 2018-08-31T17:14:49`
   Print control:
    - List of all possible fields: `sacct --helpformat`
    - Add `--format=<field1,field2,etc>` with fields of interest
============================================================================
